<?xml version="1.0" encoding="UTF-8"?>
<!-- Generated by org.testng.reporters.JUnitReportReporter -->
<testsuite hostname="DESKTOP-3SMAAC0" failures="0" tests="1" name="tests.DemoTest" time="4.810" errors="0" timestamp="2021-02-04T21:33:01 CET" skipped="0">
  <testcase classname="tests.DemoTest" name="demoTest" time="4.810"/>
  <system-out/>
</testsuite> <!-- tests.DemoTest -->
